{"/home/alex/work/frontend-project-lvl2/src/gendiff.js": {"path":"/home/alex/work/frontend-project-lvl2/src/gendiff.js","statementMap":{"0":{"start":{"line":1,"column":16},"end":{"line":41,"column":1}},"1":{"start":{"line":2,"column":19},"end":{"line":2,"column":36}},"2":{"start":{"line":3,"column":20},"end":{"line":3,"column":41}},"3":{"start":{"line":5,"column":20},"end":{"line":5,"column":38}},"4":{"start":{"line":6,"column":21},"end":{"line":6,"column":43}},"5":{"start":{"line":8,"column":20},"end":{"line":8,"column":49}},"6":{"start":{"line":9,"column":21},"end":{"line":9,"column":50}},"7":{"start":{"line":11,"column":15},"end":{"line":35,"column":8}},"8":{"start":{"line":12,"column":23},"end":{"line":12,"column":36}},"9":{"start":{"line":13,"column":24},"end":{"line":13,"column":38}},"10":{"start":{"line":15,"column":21},"end":{"line":15,"column":44}},"11":{"start":{"line":16,"column":22},"end":{"line":16,"column":46}},"12":{"start":{"line":18,"column":4},"end":{"line":20,"column":5}},"13":{"start":{"line":19,"column":6},"end":{"line":19,"column":51}},"14":{"start":{"line":22,"column":4},"end":{"line":24,"column":5}},"15":{"start":{"line":23,"column":6},"end":{"line":23,"column":83}},"16":{"start":{"line":26,"column":4},"end":{"line":28,"column":5}},"17":{"start":{"line":27,"column":6},"end":{"line":27,"column":53}},"18":{"start":{"line":30,"column":4},"end":{"line":32,"column":5}},"19":{"start":{"line":31,"column":6},"end":{"line":31,"column":52}},"20":{"start":{"line":34,"column":4},"end":{"line":34,"column":15}},"21":{"start":{"line":37,"column":21},"end":{"line":37,"column":57}},"22":{"start":{"line":37,"column":41},"end":{"line":37,"column":56}},"23":{"start":{"line":39,"column":14},"end":{"line":39,"column":46}},"24":{"start":{"line":40,"column":2},"end":{"line":40,"column":13}}},"fnMap":{"0":{"name":"(anonymous_0)","decl":{"start":{"line":1,"column":16},"end":{"line":1,"column":17}},"loc":{"start":{"line":1,"column":35},"end":{"line":41,"column":1}},"line":1},"1":{"name":"(anonymous_1)","decl":{"start":{"line":11,"column":33},"end":{"line":11,"column":34}},"loc":{"start":{"line":11,"column":47},"end":{"line":35,"column":3}},"line":11},"2":{"name":"(anonymous_2)","decl":{"start":{"line":37,"column":30},"end":{"line":37,"column":31}},"loc":{"start":{"line":37,"column":41},"end":{"line":37,"column":56}},"line":37}},"branchMap":{"0":{"loc":{"start":{"line":18,"column":4},"end":{"line":20,"column":5}},"type":"if","locations":[{"start":{"line":18,"column":4},"end":{"line":20,"column":5}},{"start":{"line":18,"column":4},"end":{"line":20,"column":5}}],"line":18},"1":{"loc":{"start":{"line":18,"column":8},"end":{"line":18,"column":59}},"type":"binary-expr","locations":[{"start":{"line":18,"column":8},"end":{"line":18,"column":16}},{"start":{"line":18,"column":20},"end":{"line":18,"column":29}},{"start":{"line":18,"column":33},"end":{"line":18,"column":59}}],"line":18},"2":{"loc":{"start":{"line":22,"column":4},"end":{"line":24,"column":5}},"type":"if","locations":[{"start":{"line":22,"column":4},"end":{"line":24,"column":5}},{"start":{"line":22,"column":4},"end":{"line":24,"column":5}}],"line":22},"3":{"loc":{"start":{"line":22,"column":8},"end":{"line":22,"column":59}},"type":"binary-expr","locations":[{"start":{"line":22,"column":8},"end":{"line":22,"column":16}},{"start":{"line":22,"column":20},"end":{"line":22,"column":29}},{"start":{"line":22,"column":33},"end":{"line":22,"column":59}}],"line":22},"4":{"loc":{"start":{"line":26,"column":4},"end":{"line":28,"column":5}},"type":"if","locations":[{"start":{"line":26,"column":4},"end":{"line":28,"column":5}},{"start":{"line":26,"column":4},"end":{"line":28,"column":5}}],"line":26},"5":{"loc":{"start":{"line":26,"column":8},"end":{"line":26,"column":30}},"type":"binary-expr","locations":[{"start":{"line":26,"column":8},"end":{"line":26,"column":17}},{"start":{"line":26,"column":21},"end":{"line":26,"column":30}}],"line":26},"6":{"loc":{"start":{"line":30,"column":4},"end":{"line":32,"column":5}},"type":"if","locations":[{"start":{"line":30,"column":4},"end":{"line":32,"column":5}},{"start":{"line":30,"column":4},"end":{"line":32,"column":5}}],"line":30},"7":{"loc":{"start":{"line":30,"column":8},"end":{"line":30,"column":30}},"type":"binary-expr","locations":[{"start":{"line":30,"column":8},"end":{"line":30,"column":16}},{"start":{"line":30,"column":20},"end":{"line":30,"column":30}}],"line":30}},"s":{"0":1,"1":1,"2":1,"3":1,"4":1,"5":1,"6":1,"7":1,"8":5,"9":5,"10":5,"11":5,"12":5,"13":1,"14":4,"15":1,"16":3,"17":1,"18":2,"19":2,"20":0,"21":1,"22":6,"23":1,"24":1},"f":{"0":1,"1":5,"2":6},"b":{"0":[1,4],"1":[5,4,2],"2":[1,3],"3":[4,3,1],"4":[1,2],"5":[3,1],"6":[2,0],"7":[2,2]},"inputSourceMap":null,"_coverageSchema":"1a1c01bbd47fc00a2c39e90264f33305004495a9","hash":"c4c62d7fadcd16b98aa11593b8398d1cb8dedf34"}
,"/home/alex/work/frontend-project-lvl2/tests/getFixturePath.js": {"path":"/home/alex/work/frontend-project-lvl2/tests/getFixturePath.js","statementMap":{"0":{"start":{"line":6,"column":19},"end":{"line":6,"column":49}},"1":{"start":{"line":8,"column":18},"end":{"line":8,"column":37}},"2":{"start":{"line":10,"column":23},"end":{"line":10,"column":89}},"3":{"start":{"line":10,"column":37},"end":{"line":10,"column":89}},"4":{"start":{"line":11,"column":24},"end":{"line":11,"column":93}},"5":{"start":{"line":11,"column":38},"end":{"line":11,"column":93}}},"fnMap":{"0":{"name":"(anonymous_0)","decl":{"start":{"line":10,"column":23},"end":{"line":10,"column":24}},"loc":{"start":{"line":10,"column":37},"end":{"line":10,"column":89}},"line":10},"1":{"name":"(anonymous_1)","decl":{"start":{"line":11,"column":24},"end":{"line":11,"column":25}},"loc":{"start":{"line":11,"column":38},"end":{"line":11,"column":93}},"line":11}},"branchMap":{},"s":{"0":1,"1":1,"2":1,"3":2,"4":1,"5":2},"f":{"0":2,"1":2},"b":{},"inputSourceMap":null,"_coverageSchema":"1a1c01bbd47fc00a2c39e90264f33305004495a9","hash":"3a23f9253fcdd7ca1b5285dc2b45497e09262bf7"}
}
