TN:
SF:src/gendiff.js
FN:1,(anonymous_0)
FN:11,(anonymous_1)
FN:37,(anonymous_2)
FNF:3
FNH:3
FNDA:1,(anonymous_0)
FNDA:5,(anonymous_1)
FNDA:6,(anonymous_2)
DA:1,1
DA:2,1
DA:3,1
DA:5,1
DA:6,1
DA:8,1
DA:9,1
DA:11,1
DA:12,5
DA:13,5
DA:15,5
DA:16,5
DA:18,5
DA:19,1
DA:22,4
DA:23,1
DA:26,3
DA:27,1
DA:30,2
DA:31,2
DA:34,0
DA:37,6
DA:39,1
DA:40,1
LF:24
LH:23
BRDA:18,0,0,1
BRDA:18,0,1,4
BRDA:18,1,0,5
BRDA:18,1,1,4
BRDA:18,1,2,2
BRDA:22,2,0,1
BRDA:22,2,1,3
BRDA:22,3,0,4
BRDA:22,3,1,3
BRDA:22,3,2,1
BRDA:26,4,0,1
BRDA:26,4,1,2
BRDA:26,5,0,3
BRDA:26,5,1,1
BRDA:30,6,0,2
BRDA:30,6,1,0
BRDA:30,7,0,2
BRDA:30,7,1,2
BRF:18
BRH:17
end_of_record
TN:
SF:tests/getFixturePath.js
FN:10,(anonymous_0)
FN:11,(anonymous_1)
FNF:2
FNH:2
FNDA:2,(anonymous_0)
FNDA:2,(anonymous_1)
DA:6,1
DA:8,1
DA:10,2
DA:11,2
LF:4
LH:4
BRF:0
BRH:0
end_of_record
